<?xml version="1.0" encoding="UTF-8"?>
<!-- Generated by org.testng.reporters.JUnitReportReporter -->
<testsuite skipped="0" hostname="LAPTOP-HHN7D2TC" name="com.ebanking.master.RoleNg" tests="3" failures="0" timestamp="2020-11-23T11:00:27 IST" time="30.624" errors="0">
  <testcase name="Rol" time="11.167" classname="com.ebanking.master.RoleNg"/>
  <testcase name="Rol" time="9.620" classname="com.ebanking.master.RoleNg"/>
  <testcase name="Rol" time="9.837" classname="com.ebanking.master.RoleNg"/>
</testsuite> <!-- com.ebanking.master.RoleNg -->
