<?xml version="1.0" encoding="UTF-8"?>
<!-- Generated by org.testng.reporters.JUnitReportReporter -->
<testsuite skipped="0" hostname="LAPTOP-HHN7D2TC" name="com.ebanking.scripts.SampleNg" tests="2" failures="0" timestamp="2020-11-20T10:24:38 IST" time="47.263" errors="0">
  <testcase name="google" time="22.598" classname="com.ebanking.scripts.SampleNg"/>
  <testcase name="faceB" time="24.665" classname="com.ebanking.scripts.SampleNg"/>
</testsuite> <!-- com.ebanking.scripts.SampleNg -->
