<?xml version="1.0" encoding="UTF-8"?>
<!-- Generated by org.testng.reporters.JUnitReportReporter -->
<testsuite skipped="0" hostname="LAPTOP-HHN7D2TC" name="com.ebanking.master.Exepom" tests="3" failures="0" timestamp="2020-11-26T10:35:59 IST" time="59.312" errors="0">
  <testcase name="Role" time="19.818" classname="com.ebanking.master.Exepom"/>
  <testcase name="Role" time="19.539" classname="com.ebanking.master.Exepom"/>
  <testcase name="Role" time="19.955" classname="com.ebanking.master.Exepom"/>
</testsuite> <!-- com.ebanking.master.Exepom -->
