<?xml version="1.0" encoding="UTF-8"?>
<!-- Generated by org.testng.reporters.JUnitReportReporter -->
<testsuite skipped="0" hostname="LAPTOP-HHN7D2TC" name="com.ebanking.master.Pomexcel" tests="1" failures="0" timestamp="2020-11-26T10:45:28 IST" time="90.145" errors="0">
  <testcase name="Role" time="90.145" classname="com.ebanking.master.Pomexcel"/>
</testsuite> <!-- com.ebanking.master.Pomexcel -->
